  createMetadata.cpp
c:\users\achung0147\desktop\doancuoikythktlt\fullproject\doancuoiki\createmetadata.cpp(214): warning C4996: 'fopen': This function or variable may be unsafe. Consider using fopen_s instead. To disable deprecation, use _CRT_SECURE_NO_WARNINGS. See online help for details.
  c:\program files (x86)\windows kits\10\include\10.0.14393.0\ucrt\stdio.h(207): note: see declaration of 'fopen'
c:\users\achung0147\desktop\doancuoikythktlt\fullproject\doancuoiki\createmetadata.cpp(227): warning C4996: 'strcat': This function or variable may be unsafe. Consider using strcat_s instead. To disable deprecation, use _CRT_SECURE_NO_WARNINGS. See online help for details.
  c:\program files (x86)\windows kits\10\include\10.0.14393.0\ucrt\string.h(90): note: see declaration of 'strcat'
c:\users\achung0147\desktop\doancuoikythktlt\fullproject\doancuoiki\createmetadata.cpp(228): warning C4996: 'strcat': This function or variable may be unsafe. Consider using strcat_s instead. To disable deprecation, use _CRT_SECURE_NO_WARNINGS. See online help for details.
  c:\program files (x86)\windows kits\10\include\10.0.14393.0\ucrt\string.h(90): note: see declaration of 'strcat'
c:\users\achung0147\desktop\doancuoikythktlt\fullproject\doancuoiki\createmetadata.cpp(229): warning C4996: 'strcat': This function or variable may be unsafe. Consider using strcat_s instead. To disable deprecation, use _CRT_SECURE_NO_WARNINGS. See online help for details.
  c:\program files (x86)\windows kits\10\include\10.0.14393.0\ucrt\string.h(90): note: see declaration of 'strcat'
c:\users\achung0147\desktop\doancuoikythktlt\fullproject\doancuoiki\createmetadata.cpp(243): warning C4996: 'fopen': This function or variable may be unsafe. Consider using fopen_s instead. To disable deprecation, use _CRT_SECURE_NO_WARNINGS. See online help for details.
  c:\program files (x86)\windows kits\10\include\10.0.14393.0\ucrt\stdio.h(207): note: see declaration of 'fopen'
c:\users\achung0147\desktop\doancuoikythktlt\fullproject\doancuoiki\createmetadata.cpp(277): warning C4996: 'fopen': This function or variable may be unsafe. Consider using fopen_s instead. To disable deprecation, use _CRT_SECURE_NO_WARNINGS. See online help for details.
  c:\program files (x86)\windows kits\10\include\10.0.14393.0\ucrt\stdio.h(207): note: see declaration of 'fopen'
c:\users\achung0147\desktop\doancuoikythktlt\fullproject\doancuoiki\createmetadata.cpp(281): warning C4477: 'wprintf' : format string '%s' requires an argument of type 'wchar_t *', but variadic argument 1 has type 'const char *'
  c:\users\achung0147\desktop\doancuoikythktlt\fullproject\doancuoiki\createmetadata.cpp(281): note: consider using '%hs' in the format string
  c:\users\achung0147\desktop\doancuoikythktlt\fullproject\doancuoiki\createmetadata.cpp(281): note: consider using '%Ts' in the format string
  c:\users\achung0147\desktop\doancuoikythktlt\fullproject\doancuoiki\createmetadata.cpp(281): note: this warning is based on non-standard semantics used by Visual C++
c:\users\achung0147\desktop\doancuoikythktlt\fullproject\doancuoiki\createmetadata.cpp(300): warning C4996: 'fopen': This function or variable may be unsafe. Consider using fopen_s instead. To disable deprecation, use _CRT_SECURE_NO_WARNINGS. See online help for details.
  c:\program files (x86)\windows kits\10\include\10.0.14393.0\ucrt\stdio.h(207): note: see declaration of 'fopen'
c:\users\achung0147\desktop\doancuoikythktlt\fullproject\doancuoiki\createmetadata.cpp(304): warning C4477: 'wprintf' : format string '%s' requires an argument of type 'wchar_t *', but variadic argument 1 has type 'char *'
  c:\users\achung0147\desktop\doancuoikythktlt\fullproject\doancuoiki\createmetadata.cpp(304): note: consider using '%hs' in the format string
  c:\users\achung0147\desktop\doancuoikythktlt\fullproject\doancuoiki\createmetadata.cpp(304): note: consider using '%Ts' in the format string
  c:\users\achung0147\desktop\doancuoikythktlt\fullproject\doancuoiki\createmetadata.cpp(304): note: this warning is based on non-standard semantics used by Visual C++
c:\users\achung0147\desktop\doancuoikythktlt\fullproject\doancuoiki\createmetadata.cpp(344): warning C4996: 'wcstok': wcstok has been changed to conform with the ISO C standard, adding an extra context parameter. To use the legacy Microsoft wcstok, define _CRT_NON_CONFORMING_WCSTOK.
  c:\program files (x86)\windows kits\10\include\10.0.14393.0\ucrt\corecrt_wstring.h(254): note: see declaration of 'wcstok'
c:\users\achung0147\desktop\doancuoikythktlt\fullproject\doancuoiki\createmetadata.cpp(356): warning C4996: 'wcstok': wcstok has been changed to conform with the ISO C standard, adding an extra context parameter. To use the legacy Microsoft wcstok, define _CRT_NON_CONFORMING_WCSTOK.
  c:\program files (x86)\windows kits\10\include\10.0.14393.0\ucrt\corecrt_wstring.h(254): note: see declaration of 'wcstok'
c:\users\achung0147\desktop\doancuoikythktlt\fullproject\doancuoiki\createmetadata.cpp(430): warning C4996: 'fopen': This function or variable may be unsafe. Consider using fopen_s instead. To disable deprecation, use _CRT_SECURE_NO_WARNINGS. See online help for details.
  c:\program files (x86)\windows kits\10\include\10.0.14393.0\ucrt\stdio.h(207): note: see declaration of 'fopen'
c:\users\achung0147\desktop\doancuoikythktlt\fullproject\doancuoiki\createmetadata.cpp(436): warning C4996: 'fopen': This function or variable may be unsafe. Consider using fopen_s instead. To disable deprecation, use _CRT_SECURE_NO_WARNINGS. See online help for details.
  c:\program files (x86)\windows kits\10\include\10.0.14393.0\ucrt\stdio.h(207): note: see declaration of 'fopen'
c:\users\achung0147\desktop\doancuoikythktlt\fullproject\doancuoiki\createmetadata.cpp(442): warning C4996: 'fscanf': This function or variable may be unsafe. Consider using fscanf_s instead. To disable deprecation, use _CRT_SECURE_NO_WARNINGS. See online help for details.
  c:\program files (x86)\windows kits\10\include\10.0.14393.0\ucrt\stdio.h(1192): note: see declaration of 'fscanf'
c:\users\achung0147\desktop\doancuoikythktlt\fullproject\doancuoiki\createmetadata.cpp(443): warning C4996: 'fscanf': This function or variable may be unsafe. Consider using fscanf_s instead. To disable deprecation, use _CRT_SECURE_NO_WARNINGS. See online help for details.
  c:\program files (x86)\windows kits\10\include\10.0.14393.0\ucrt\stdio.h(1192): note: see declaration of 'fscanf'
  DoanCuoiki.vcxproj -> C:\Users\achung0147\Desktop\doAnCuoiKyTHKTLT\FullProject\Debug\DoanCuoiki.exe
  DoanCuoiki.vcxproj -> C:\Users\achung0147\Desktop\doAnCuoiKyTHKTLT\FullProject\Debug\DoanCuoiki.pdb (Partial PDB)
