  DoanCuoiki.cpp
c:\users\achung0147\desktop\doancuoikythktlt\fullproject\doancuoiki\searchEngine.h(148): warning C4018: '<': signed/unsigned mismatch
c:\users\achung0147\desktop\doancuoikythktlt\fullproject\doancuoiki\searchEngine.h(171): warning C4018: '<': signed/unsigned mismatch
c:\users\achung0147\desktop\doancuoikythktlt\fullproject\doancuoiki\searchEngine.h(172): warning C4018: '<': signed/unsigned mismatch
c:\users\achung0147\desktop\doancuoikythktlt\fullproject\doancuoiki\searchEngine.h(186): warning C4018: '<': signed/unsigned mismatch
c:\users\achung0147\desktop\doancuoikythktlt\fullproject\doancuoiki\searchEngine.h(187): warning C4018: '<': signed/unsigned mismatch
c:\users\achung0147\desktop\doancuoikythktlt\fullproject\doancuoiki\searchEngine.h(181): warning C4996: 'wcstok': This function or variable may be unsafe. Consider using wcstok_s instead. To disable deprecation, use _CRT_SECURE_NO_WARNINGS. See online help for details.
  C:\Program Files (x86)\Windows Kits\10\Include\10.0.14393.0\ucrt\corecrt_wstring.h(219): note: see declaration of 'wcstok'
c:\users\achung0147\desktop\doancuoikythktlt\fullproject\doancuoiki\searchEngine.h(191): warning C4996: 'wcstok': This function or variable may be unsafe. Consider using wcstok_s instead. To disable deprecation, use _CRT_SECURE_NO_WARNINGS. See online help for details.
  C:\Program Files (x86)\Windows Kits\10\Include\10.0.14393.0\ucrt\corecrt_wstring.h(219): note: see declaration of 'wcstok'
DoanCuoiki.cpp(41): warning C4018: '<': signed/unsigned mismatch
DoanCuoiki.cpp(44): warning C4018: '<': signed/unsigned mismatch
DoanCuoiki.cpp(50): warning C4018: '<': signed/unsigned mismatch
DoanCuoiki.cpp(60): warning C4244: '=': conversion from 'double' to 'float', possible loss of data
DoanCuoiki.cpp(106): warning C4996: 'strcpy': This function or variable may be unsafe. Consider using strcpy_s instead. To disable deprecation, use _CRT_SECURE_NO_WARNINGS. See online help for details.
  C:\Program Files (x86)\Windows Kits\10\Include\10.0.14393.0\ucrt\string.h(129): note: see declaration of 'strcpy'
DoanCuoiki.cpp(110): warning C4996: 'strcpy': This function or variable may be unsafe. Consider using strcpy_s instead. To disable deprecation, use _CRT_SECURE_NO_WARNINGS. See online help for details.
  C:\Program Files (x86)\Windows Kits\10\Include\10.0.14393.0\ucrt\string.h(129): note: see declaration of 'strcpy'
DoanCuoiki.cpp(76): warning C4996: 'fopen': This function or variable may be unsafe. Consider using fopen_s instead. To disable deprecation, use _CRT_SECURE_NO_WARNINGS. See online help for details.
  C:\Program Files (x86)\Windows Kits\10\Include\10.0.14393.0\ucrt\stdio.h(207): note: see declaration of 'fopen'
DoanCuoiki.cpp(77): warning C4996: 'fopen': This function or variable may be unsafe. Consider using fopen_s instead. To disable deprecation, use _CRT_SECURE_NO_WARNINGS. See online help for details.
  C:\Program Files (x86)\Windows Kits\10\Include\10.0.14393.0\ucrt\stdio.h(207): note: see declaration of 'fopen'
DoanCuoiki.cpp(89): warning C4101: 'tmp': unreferenced local variable
DoanCuoiki.cpp(74): warning C4101: 'line': unreferenced local variable
DoanCuoiki.cpp(160): warning C4996: 'wscanf': This function or variable may be unsafe. Consider using wscanf_s instead. To disable deprecation, use _CRT_SECURE_NO_WARNINGS. See online help for details.
  C:\Program Files (x86)\Windows Kits\10\Include\10.0.14393.0\ucrt\corecrt_wstdio.h(930): note: see declaration of 'wscanf'
DoanCuoiki.cpp(165): warning C4996: 'wscanf': This function or variable may be unsafe. Consider using wscanf_s instead. To disable deprecation, use _CRT_SECURE_NO_WARNINGS. See online help for details.
  C:\Program Files (x86)\Windows Kits\10\Include\10.0.14393.0\ucrt\corecrt_wstdio.h(930): note: see declaration of 'wscanf'
  Generating code
  Finished generating code
  2 of 395 functions ( 0.5%) were compiled, the rest were copied from previous compilation.
    0 functions were new in current compilation
    23 functions had inline decision re-evaluated but remain unchanged
  DoanCuoiki.vcxproj -> C:\Users\achung0147\Desktop\doAnCuoiKyTHKTLT\FullProject\Release\DoanCuoiki.exe
